<?xml version="1.0" encoding="UTF-8"?>
<!-- Generated by org.testng.reporters.JUnitXMLReporter -->
<testsuite ignored="0" hostname="belestiy" failures="0" tests="5" name="Default test" time="23.643" errors="0" timestamp="2022-10-31T17:48:51 EAT">
  <testcase classname="tests.AmazonTests" name="testHomePage" time="1.865"/>
  <testcase classname="tests.AmazonTests" name="testBrandPage" time="2.541"/>
  <testcase classname="tests.AmazonTests" name="testSortingPage" time="6.571"/>
  <testcase classname="tests.AmazonTests" name="testSortedTVListPage" time="0.186"/>
  <testcase classname="tests.AmazonTests" name="testSelectedTVPage" time="6.417"/>
</testsuite> <!-- Default test -->
