<?xml version="1.0" encoding="UTF-8"?>
<testng-results ignored="0" total="5" passed="5" failed="0" skipped="0">
  <reporter-output>
  </reporter-output>
  <suite started-at="2022-10-31T17:48:27 EAT" name="Default suite" finished-at="2022-10-31T17:48:51 EAT" duration-ms="23643">
    <groups>
    </groups>
    <test started-at="2022-10-31T17:48:27 EAT" name="Default test" finished-at="2022-10-31T17:48:51 EAT" duration-ms="23643">
      <class name="tests.AmazonTests">
        <test-method is-config="true" signature="setup()[pri:0, instance:tests.AmazonTests@6221a451]" started-at="2022-10-31T17:48:27 EAT" name="setup" finished-at="2022-10-31T17:48:33 EAT" duration-ms="5750" status="PASS">
          <reporter-output>
          </reporter-output>
        </test-method> <!-- setup -->
        <test-method signature="testHomePage()[pri:1, instance:tests.AmazonTests@6221a451]" started-at="2022-10-31T17:48:33 EAT" name="testHomePage" finished-at="2022-10-31T17:48:35 EAT" duration-ms="1865" status="PASS">
          <reporter-output>
          </reporter-output>
        </test-method> <!-- testHomePage -->
        <test-method signature="testBrandPage()[pri:2, instance:tests.AmazonTests@6221a451]" started-at="2022-10-31T17:48:35 EAT" name="testBrandPage" finished-at="2022-10-31T17:48:37 EAT" duration-ms="2541" status="PASS">
          <reporter-output>
          </reporter-output>
        </test-method> <!-- testBrandPage -->
        <test-method signature="testSortingPage()[pri:3, instance:tests.AmazonTests@6221a451]" started-at="2022-10-31T17:48:37 EAT" name="testSortingPage" finished-at="2022-10-31T17:48:44 EAT" duration-ms="6571" status="PASS">
          <reporter-output>
          </reporter-output>
        </test-method> <!-- testSortingPage -->
        <test-method signature="testSortedTVListPage()[pri:4, instance:tests.AmazonTests@6221a451]" started-at="2022-10-31T17:48:44 EAT" name="testSortedTVListPage" finished-at="2022-10-31T17:48:44 EAT" duration-ms="186" status="PASS">
          <reporter-output>
          </reporter-output>
        </test-method> <!-- testSortedTVListPage -->
        <test-method signature="testSelectedTVPage()[pri:5, instance:tests.AmazonTests@6221a451]" started-at="2022-10-31T17:48:44 EAT" name="testSelectedTVPage" finished-at="2022-10-31T17:48:50 EAT" duration-ms="6417" status="PASS">
          <reporter-output>
          </reporter-output>
        </test-method> <!-- testSelectedTVPage -->
        <test-method is-config="true" signature="terminate()[pri:0, instance:tests.AmazonTests@6221a451]" started-at="2022-10-31T17:48:50 EAT" name="terminate" finished-at="2022-10-31T17:48:51 EAT" duration-ms="260" status="PASS">
          <reporter-output>
          </reporter-output>
        </test-method> <!-- terminate -->
      </class> <!-- tests.AmazonTests -->
    </test> <!-- Default test -->
  </suite> <!-- Default suite -->
</testng-results>
